[2025-07-22 13:14:35] Import fatal error: Unknown column 'updated_at' in 'UPDATE'
[2025-07-22 13:16:34] Image download fail (ID 31978): 70cm Length
[2025-07-22 13:16:34] Image download fail (ID 31979): 00
[2025-07-22 13:16:34] Image download fail (ID 31979): salescountdowntimer
[2025-07-22 13:16:34] Image download fail (ID 31983): //vavafurniture.com/wp-content/uploads/2023/03/06-Sofa-d30-scaled-1.jpg
[2025-07-22 13:16:34] Image download fail (ID 31983): https
[2025-07-22 13:16:34] Image download fail (ID 32059): //vavafurniture.com/wp-content/uploads/2023/03/Furniture-110-1.png"
[2025-07-22 13:16:34] Image download fail (ID 32059): 42
[2025-07-22 13:16:34] Image download fail (ID 32059): Color
[2025-07-22 13:16:34] Image download fail (ID 32059): "Light Brown
[2025-07-22 13:16:34] Image download fail (ID 32059): Brown Brown
[2025-07-22 13:16:34] Image download fail (ID 32059): Orange Arsh
[2025-07-22 13:16:34] Image download fail (ID 32059): Dark Brown Black"
[2025-07-22 13:16:34] Image download fail (ID 32059): 1
[2025-07-22 13:16:34] Image download fail (ID 32059): 158
[2025-07-22 13:16:34] Image download fail (ID 32059): 1
[2025-07-22 13:16:34] Image download fail (ID 32059): []
[2025-07-22 13:16:34] Image download fail (ID 32059): "[""""]"
[2025-07-22 13:16:34] Image download fail (ID 32059): approved
[2025-07-22 13:16:34] Image download fail (ID 32059): synced
[2025-07-22 13:16:34] Image download fail (ID 32059): sync-and-show
[2025-07-22 13:16:34] Image download fail (ID 32059): 328
[2025-07-22 13:16:34] Image download fail (ID 32059): 2
[2025-07-22 13:16:34] Image download fail (ID 32059): 1677121234
[2025-07-22 13:16:34] Image download fail (ID 32059): none
[2025-07-22 13:16:34] Image download fail (ID 32059): default
[2025-07-22 13:16:34] Image download fail (ID 32059): default
[2025-07-22 13:16:34] Image download fail (ID 32059): none
[2025-07-22 13:16:34] Image download fail (ID 32059): inherit
[2025-07-22 13:16:34] Image download fail (ID 32059): inherit
[2025-07-22 13:16:34] Image download fail (ID 32059): after
[2025-07-22 13:16:34] Image download fail (ID 32059): false
[2025-07-22 13:16:34] Image download fail (ID 32059): default
[2025-07-22 13:16:34] Image download fail (ID 32059): off
[2025-07-22 13:16:34] Image download fail (ID 32059): default
[2025-07-22 13:16:34] Image download fail (ID 32059): default
[2025-07-22 13:16:34] Image download fail (ID 32059): false
[2025-07-22 13:16:34] Image download fail (ID 32059): 45673bc31a
[2025-07-22 13:16:34] Image download fail (ID 32059): "This modern and luxury single sofa is more than just a seating solution; it’s a statement of refined taste and sophisticated style."
[2025-07-22 13:16:34] Image download fail (ID 32059): 90
[2025-07-22 13:16:34] Image download fail (ID 32059): "Single chair"
[2025-07-22 13:16:34] Image download fail (ID 32059): 49
[2025-07-22 13:16:34] Image download fail (ID 32191): //vavafurniture.com/wp-content/uploads/2023/03/sofa-xoo5s.jpg
[2025-07-22 13:16:34] Image download fail (ID 32191): https
[2025-07-22 13:16:34] Image download fail (ID 32296): //vavafurniture.com/wp-content/uploads/2023/03/HUNKAR.png
[2025-07-22 13:16:34] Image download fail (ID 32296): 21
[2025-07-22 13:16:34] Image download fail (ID 32296): 1
[2025-07-22 13:16:34] Image download fail (ID 32296): []
[2025-07-22 13:16:34] Image download fail (ID 32296): "[""""]"
[2025-07-22 13:16:34] Image download fail (ID 32296): not_synced
[2025-07-22 13:16:34] Image download fail (ID 32296): has-errors
[2025-07-22 13:16:34] Image download fail (ID 32296): sync-and-show
[2025-07-22 13:16:34] Image download fail (ID 32296): 201
[2025-07-22 13:16:34] Image download fail (ID 32296): classic-editor
[2025-07-22 13:16:34] Image download fail (ID 32296): 4
[2025-07-22 13:16:34] Image download fail (ID 32296): none
[2025-07-22 13:16:34] Image download fail (ID 32296): default
[2025-07-22 13:16:34] Image download fail (ID 32296): default
[2025-07-22 13:16:34] Image download fail (ID 32296): none
[2025-07-22 13:16:34] Image download fail (ID 32296): inherit
[2025-07-22 13:16:34] Image download fail (ID 32296): inherit
[2025-07-22 13:16:34] Image download fail (ID 32296): after
[2025-07-22 13:16:34] Image download fail (ID 32296): false
[2025-07-22 13:16:34] Image download fail (ID 32296): default
[2025-07-22 13:16:34] Image download fail (ID 32296): off
[2025-07-22 13:16:34] Image download fail (ID 32296): default
[2025-07-22 13:16:34] Image download fail (ID 32296): default
[2025-07-22 13:16:34] Image download fail (ID 32296): false
[2025-07-22 13:16:34] Image download fail (ID 32296): 00fe55dd48
[2025-07-22 13:16:34] Image download fail (ID 32296): "Wooden Bed  comfortable for sleeping"
[2025-07-22 13:16:34] Image download fail (ID 32296): "Invest in this stunning bed frame and enjoy the perfect blend of elegance
[2025-07-22 13:16:34] Image download fail (ID 32296): comfort
[2025-07-22 13:16:34] Image download fail (ID 32296): and durability for years to come. You won`t regret it."
[2025-07-22 13:16:34] Image download fail (ID 32296): 90
[2025-07-22 13:16:34] Image download fail (ID 32402): Blue
[2025-07-22 13:16:34] Image download fail (ID 32402): Grey and Brown
[2025-07-22 13:16:34] Image download fail (ID 32402): single Pattern This meti ..."
[2025-07-22 13:16:34] Image download fail (ID 32402): "This modern and luxury fabric sofa is more than just a seating solution; it's a centerpiece that elevates the style and comfort of your living space."
[2025-07-22 13:16:34] Image download fail (ID 32402): 60
[2025-07-22 13:16:34] Image download fail (ID 32402): 1
[2025-07-22 13:16:34] Row 221 skipped: invalid ID.
[2025-07-22 13:16:34] Row 222 skipped: invalid ID.
[2025-07-22 13:16:34] Row 223 skipped: invalid ID.
[2025-07-22 13:16:34] Row 224 skipped: invalid ID.
[2025-07-22 13:16:34] Row 225 skipped: invalid ID.
[2025-07-22 13:16:34] Row 226 skipped: invalid ID.
[2025-07-22 13:16:34] Row 227 skipped: invalid ID.
[2025-07-22 13:16:34] Row 228 skipped: invalid ID.
[2025-07-22 13:16:34] Row 229 skipped: invalid ID.
[2025-07-22 13:16:34] Row 230 skipped: invalid ID.
[2025-07-22 13:16:34] Row 231 skipped: invalid ID.
[2025-07-22 13:16:34] Row 232 skipped: invalid ID.
[2025-07-22 13:16:34] Row 241 skipped: invalid ID.
[2025-07-22 13:16:34] Row 242 skipped: invalid ID.
[2025-07-22 13:16:34] Row 243 skipped: invalid ID.
[2025-07-22 13:16:34] Row 244 skipped: invalid ID.
[2025-07-22 13:16:34] Row 245 skipped: invalid ID.
[2025-07-22 13:16:34] Row 246 skipped: invalid ID.
[2025-07-22 13:16:34] Row 247 skipped: invalid ID.
[2025-07-22 13:16:34] Row 248 skipped: invalid ID.
[2025-07-22 13:16:34] Row 249 skipped: invalid ID.
[2025-07-22 13:16:34] Row 250 skipped: invalid ID.
[2025-07-22 13:16:34] Row 251 skipped: invalid ID.
[2025-07-22 13:16:34] Row 252 skipped: invalid ID.
[2025-07-22 13:16:34] Row 253 skipped: invalid ID.
[2025-07-22 13:16:34] Row 254 skipped: invalid ID.
[2025-07-22 13:16:34] Row 255 skipped: invalid ID.
[2025-07-22 13:16:34] Row 256 skipped: invalid ID.
[2025-07-22 13:16:34] Row 257 skipped: invalid ID.
[2025-07-22 13:16:34] Row 258 skipped: invalid ID.
[2025-07-22 13:16:34] Row 259 skipped: invalid ID.
[2025-07-22 13:16:34] Row 260 skipped: invalid ID.
[2025-07-22 13:16:34] Row 261 skipped: invalid ID.
[2025-07-22 13:16:34] Row 262 skipped: invalid ID.
[2025-07-22 13:16:34] Row 263 skipped: invalid ID.
[2025-07-22 13:16:34] Row 264 skipped: invalid ID.
[2025-07-22 13:16:34] Row 265 skipped: invalid ID.
[2025-07-22 13:16:34] Row 266 skipped: invalid ID.
[2025-07-22 13:16:34] Image download fail (ID 33639): 00
[2025-07-22 13:16:34] Image download fail (ID 33639): salescountdowntimer
[2025-07-22 13:16:34] Image download fail (ID 33671): prose-invert light"">
\n
\nA perfect blend of contemporary style and timeless elegance. This exquisite piece is meticulously designed to elevate the aesthetic appeal of your living space while offering practical functionality. Crafted from premium materials and featuring a sleek design
[2025-07-22 13:16:34] Image download fail (ID 33671): this center table is the epitome of sophistication and durability
[2025-07-22 13:16:34] Image download fail (ID 33671): making it a must-have for any upscale home.
\n
\n&nbsp;
\n<h3>Features of a Durable and Modern Center Table</h3>
\n<ul>
\n 	<li><strong>Durability
[2025-07-22 13:16:34] Image download fail (ID 34587): Simple and Individual Design. Adjustable Swivel Stool will Look Stunning in Y ..."
[2025-07-22 13:16:34] Image download fail (ID 34587): 60
[2025-07-22 13:16:34] Image download fail (ID 34587): "Office Chair"
[2025-07-22 13:16:34] Image download fail (ID 34587): 52
[2025-07-22 13:16:34] Image download fail (ID 35912): //vavafurniture.com/wp-content/uploads/2024/08/Furniture-78-2.png
[2025-07-22 13:16:34] Image download fail (ID 35912): https
[2025-07-22 13:16:34] Row 510 skipped: invalid ID.
[2025-07-22 13:16:34] Row 511 skipped: invalid ID.
[2025-07-22 13:16:34] Row 512 skipped: invalid ID.
[2025-07-22 13:16:34] Row 513 skipped: invalid ID.
[2025-07-22 13:16:34] Row 514 skipped: invalid ID.
[2025-07-22 13:16:34] Row 515 skipped: invalid ID.
[2025-07-22 13:16:34] Row 516 skipped: invalid ID.
[2025-07-22 13:16:34] Row 517 skipped: invalid ID.
[2025-07-22 13:16:34] Row 518 skipped: invalid ID.
[2025-07-22 13:16:34] Row 519 skipped: invalid ID.
[2025-07-22 13:16:34] Row 520 skipped: invalid ID.
[2025-07-22 13:16:34] Row 521 skipped: invalid ID.
[2025-07-22 13:16:34] Row 522 skipped: invalid ID.
[2025-07-22 13:16:34] Row 523 skipped: invalid ID.
[2025-07-22 13:16:34] Row 524 skipped: invalid ID.
[2025-07-22 13:16:34] Row 525 skipped: invalid ID.
[2025-07-22 13:16:34] Row 526 skipped: invalid ID.
[2025-07-22 13:16:34] Row 527 skipped: invalid ID.
[2025-07-22 13:16:34] Row 528 skipped: invalid ID.
[2025-07-22 13:16:34] Row 529 skipped: invalid ID.
[2025-07-22 13:16:34] Row 530 skipped: invalid ID.
[2025-07-22 13:16:34] Row 531 skipped: invalid ID.
[2025-07-22 13:16:34] Row 532 skipped: invalid ID.
[2025-07-22 13:16:34] Row 533 skipped: invalid ID.
[2025-07-22 13:16:34] Row 534 skipped: invalid ID.
[2025-07-22 13:16:34] Row 535 skipped: invalid ID.
[2025-07-22 13:16:34] Image download fail (ID 37246): 170 cm Single seater Length
[2025-07-22 13:16:34] Row 774 skipped: invalid ID.
[2025-07-22 13:16:34] Row 775 skipped: invalid ID.
[2025-07-22 13:16:34] Row 776 skipped: invalid ID.
[2025-07-22 13:16:34] Row 777 skipped: invalid ID.
[2025-07-22 13:16:34] Row 778 skipped: invalid ID.
[2025-07-22 13:16:34] Row 779 skipped: invalid ID.
[2025-07-22 13:16:34] Row 780 skipped: invalid ID.
[2025-07-22 13:16:34] Row 781 skipped: invalid ID.
[2025-07-22 13:16:34] Row 782 skipped: invalid ID.
[2025-07-22 13:16:34] Row 783 skipped: invalid ID.
[2025-07-22 13:16:34] Row 784 skipped: invalid ID.
[2025-07-22 13:16:34] Row 785 skipped: invalid ID.
[2025-07-22 13:16:34] Row 786 skipped: invalid ID.
[2025-07-22 13:16:34] Row 787 skipped: invalid ID.
[2025-07-22 13:16:34] Row 788 skipped: invalid ID.
[2025-07-22 13:16:34] Row 789 skipped: invalid ID.
[2025-07-22 13:16:34] Row 790 skipped: invalid ID.
[2025-07-22 13:16:34] Row 791 skipped: invalid ID.
[2025-07-22 13:31:26] Fatal Error: Unknown column 'ID,Type,SKU,"GTIN, UPC, EAN, or ISBN",Name,Published,"Is featured?","Visibility in catalog","Short description",Description,"Date sale price starts","Date sale price ends","Tax status","Tax cl' in 'INSERT INTO'
[2025-07-22 13:35:17] Fatal error: Unknown column 'ID,Type,SKU,"GTIN, UPC, EAN, or ISBN",Name,Published,"Is featured?","Visibility in catalog","Short description",Description,"Date sale price starts","Date sale price ends","Tax status","Tax cl' in 'INSERT INTO'
[2025-07-22 13:40:01] Fatal error: Unknown column 'id_type_sku__gtin__upc__ean__or_isbn__name_published__is_featured____visibility_in_catalog___short_description__description__date_sale_price_starts___date_sale_price_ends___tax_status___tax_cl' in 'INSERT INTO'
