[2025-05-08 10:21:55] isImageSafe() called for: ../public/uploads/681c85c38be80_6J6A9375.jpg
[2025-05-09 13:42:09] isImageSafe() called for: ../public/uploads/681e063129f76_67367231_124_e819.jpg
[2025-05-09 13:47:28] isImageSafe() called for: ../public/uploads/681e0770a6511_6J6A9375.jpg
[2025-05-09 13:47:33] isImageSafe() called for: ../public/uploads/681e0775866f8_6J6A9353.jpg
[2025-05-09 13:47:37] isImageSafe() called for: ../public/uploads/681e07795bed0_6J6A9329.jpg
[2025-05-09 13:47:42] isImageSafe() called for: ../public/uploads/681e077e1687a_6J6A9311.jpg
[2025-05-09 13:47:47] isImageSafe() called for: ../public/uploads/681e0783968a6_6J6A9314.jpg
[2025-05-09 13:53:52] isImageSafe() called for: ../public/uploads/681e08f00296b_6J6A9375.jpg
[2025-05-09 13:53:56] isImageSafe() called for: ../public/uploads/681e08f4b99f6_6J6A9353.jpg
[2025-05-09 13:54:03] isImageSafe() called for: ../public/uploads/681e08fb40101_6J6A9329.jpg
[2025-05-09 13:56:02] isImageSafe() called for: ../public/uploads/681e097269530_6J6A9375.jpg
[2025-05-09 13:56:06] isImageSafe() called for: ../public/uploads/681e0976a3102_6J6A9353.jpg
[2025-05-09 13:56:11] isImageSafe() called for: ../public/uploads/681e097b99c14_6J6A9329.jpg
[2025-05-09 13:57:30] isImageSafe() called for: ../public/uploads/681e09cadd218_6J6A9375.jpg
[2025-05-09 13:57:35] isImageSafe() called for: ../public/uploads/681e09cf6ae9c_6J6A9353.jpg
[2025-05-09 13:57:39] isImageSafe() called for: ../public/uploads/681e09d352480_6J6A9329.jpg
[2025-05-09 14:02:39] isImageSafe() called for: ../public/uploads/681e0aff5ae1f_6J6A9353.jpg
[2025-05-09 14:02:44] isImageSafe() called for: ../public/uploads/681e0b0494c5d_6J6A9329.jpg
[2025-05-09 14:02:49] isImageSafe() called for: ../public/uploads/681e0b098ee66_6J6A9311.jpg
[2025-05-09 14:02:54] isImageSafe() called for: ../public/uploads/681e0b0e8e400_6J6A9314.jpg
[2025-05-09 14:09:26] isImageSafe() called for: ../public/uploads/681e0c9636681_6J6A9375.jpg
[2025-05-09 14:09:30] isImageSafe() called for: ../public/uploads/681e0c9af011d_6J6A9329.jpg
[2025-05-09 14:09:35] isImageSafe() called for: ../public/uploads/681e0c9fab5c1_6J6A9311.jpg
[2025-05-09 14:10:18] isImageSafe() called for: ../public/uploads/681e0cca4f54e_6J6A9375.jpg
[2025-05-09 14:10:22] isImageSafe() called for: ../public/uploads/681e0cceab8ef_6J6A9329.jpg
[2025-05-09 14:10:27] isImageSafe() called for: ../public/uploads/681e0cd36e2ab_6J6A9311.jpg
[2025-05-09 14:15:16] isImageSafe() called for: ../public/uploads/681e0df463011_6J6A9353.jpg
[2025-05-09 14:15:20] isImageSafe() called for: ../public/uploads/681e0df87dc3f_6J6A9329.jpg
[2025-05-09 14:17:07] isImageSafe() called for: ../public/uploads/681e0e636939c_6J6A9375.jpg
[2025-05-09 14:17:11] isImageSafe() called for: ../public/uploads/681e0e67b2253_6J6A9329.jpg
[2025-05-09 14:20:48] isImageSafe() called for: ../public/uploads/681e0f4080495_6J6A9375.jpg
[2025-05-09 14:20:52] isImageSafe() called for: ../public/uploads/681e0f4488ab2_6J6A9353.jpg
[2025-05-09 14:20:56] isImageSafe() called for: ../public/uploads/681e0f48c812c_6J6A9329.jpg
[2025-05-09 14:21:58] isImageSafe() called for: ../public/uploads/681e0f869c254_6J6A9375.jpg
[2025-05-09 14:22:03] isImageSafe() called for: ../public/uploads/681e0f8b0a69f_6J6A9329.jpg
[2025-05-09 14:31:21] isImageSafe() called for: ../public/uploads/681e11b9d260a_6J6A9375.jpg
[2025-05-09 14:31:25] isImageSafe() called for: ../public/uploads/681e11bdc0a2e_6J6A9353.jpg
[2025-05-09 14:31:29] isImageSafe() called for: ../public/uploads/681e11c1ea0ec_6J6A9329.jpg
[2025-05-09 14:44:43] isImageSafe() called for: ../public/uploads/681e14dbdf841_67367231_124_e819.jpg
[2025-05-09 14:46:12] isImageSafe() called for: ../public/uploads/681e1534367c5_6J6A9375.jpg
[2025-05-09 14:46:17] isImageSafe() called for: ../public/uploads/681e15396d336_6J6A9353.jpg
[2025-05-09 14:46:23] isImageSafe() called for: ../public/uploads/681e153f25fe3_6J6A9329.jpg
[2025-05-09 14:46:29] isImageSafe() called for: ../public/uploads/681e15450024b_6J6A9311.jpg
[2025-05-09 14:46:36] isImageSafe() called for: ../public/uploads/681e154c21b71_6J6A9314.jpg
[2025-05-09 14:52:13] isImageSafe() called for: ../public/uploads/681e169d98d83_6J6A9375.jpg
[2025-05-09 14:52:17] isImageSafe() called for: ../public/uploads/681e16a1b368d_6J6A9329.jpg
[2025-05-09 14:52:22] isImageSafe() called for: ../public/uploads/681e16a6a4e9a_6J6A9311.jpg
[2025-05-09 14:52:27] isImageSafe() called for: ../public/uploads/681e16ab369d6_6J6A9314.jpg
[2025-05-09 15:11:44] isImageSafe() called for: ../public/uploads/681e1b2f7f378_6J6A9375.jpg
[2025-05-09 15:11:46] isImageSafe() called for: ../public/uploads/681e1b31dda70_6J6A9353.jpg
[2025-05-09 15:11:48] isImageSafe() called for: ../public/uploads/681e1b33b8b0e_6J6A9329.jpg
[2025-05-09 15:14:13] isImageSafe() called for: ../public/uploads/681e1bc5d32d6_67367231_124_e819.jpg
[2025-05-28 23:03:08] isImageSafe() called for: ../public/uploads/6837962c45d3c_IMG_5941.jpeg
[2025-06-24 08:59:25] isImageSafe() called for: ../public/uploads/685a68ed043bf_5.jpg
[2025-06-24 08:59:29] isImageSafe() called for: ../public/uploads/685a68f126a5e_1.jpg
[2025-06-24 08:59:30] isImageSafe() called for: ../public/uploads/685a68f2b0191_6J6A9375.jpg
[2025-06-24 08:59:32] isImageSafe() called for: ../public/uploads/685a68f47e02d_6J6A9353.jpg
[2025-06-24 09:10:16] isImageSafe() called for: ../public/uploads/685a6b7863160_1.jpg
[2025-06-24 09:10:18] isImageSafe() called for: ../public/uploads/685a6b7a1e46f_6J6A9375.jpg
[2025-06-24 09:10:20] isImageSafe() called for: ../public/uploads/685a6b7c10321_6J6A9353.jpg
[2025-06-24 09:10:22] isImageSafe() called for: ../public/uploads/685a6b7e2a86d_6J6A9329.jpg
[2025-06-24 09:35:29] isImageSafe() called for: ../public/uploads/685a716129dea_1.jpg
[2025-06-24 09:35:30] isImageSafe() called for: ../public/uploads/685a716211520_6J6A9375.jpg
[2025-06-24 09:35:31] isImageSafe() called for: ../public/uploads/685a7162d7c26_6J6A9353.jpg
[2025-06-24 09:45:33] isImageSafe() called for: ../public/uploads/685a73bc8d239_1.jpg
[2025-06-24 09:45:33] isImageSafe() called for: ../public/uploads/685a73bd5b00a_6J6A9375.jpg
[2025-06-24 09:45:34] isImageSafe() called for: ../public/uploads/685a73be1466b_6J6A9353.jpg
[2025-06-24 09:45:35] isImageSafe() called for: ../public/uploads/685a73bf0392e_6J6A9329.jpg
[2025-06-24 09:45:36] isImageSafe() called for: ../public/uploads/685a73bfc881b_6J6A9314.jpg
[2025-07-17 14:21:59] isImageSafe() called for: ../public/uploads/687907072e8cc_IMG_20250510_113557_105.jpg
[2025-07-18 07:51:57] isImageSafe() called for: ../public/uploads/6879fd1cc9abe_Desktop - 9.png
[2025-07-18 07:51:57] isImageSafe() called for: ../public/uploads/6879fd1d4fc2b_Desktop - 8.png
[2025-07-18 07:51:57] isImageSafe() called for: ../public/uploads/6879fd1dc238a_Desktop - 7.png
[2025-07-18 08:15:13] isImageSafe() called for: ../public/uploads/687a0290e4be9_Desktop - 9.png
[2025-07-18 08:15:13] isImageSafe() called for: ../public/uploads/687a0291762a6_Desktop - 8.png
[2025-07-18 08:15:14] isImageSafe() called for: ../public/uploads/687a0291e9420_Desktop - 7.png
[2025-07-18 08:15:14] isImageSafe() called for: ../public/uploads/687a0292595b7_Desktop - 5.png
[2025-07-18 08:37:35] isImageSafe() called for: ../public/uploads/687a07cfa298b_Desktop - 9.png
[2025-07-18 08:37:36] isImageSafe() called for: ../public/uploads/687a07d033cce_Desktop - 8.png
[2025-07-18 08:37:36] isImageSafe() called for: ../public/uploads/687a07d0a29ae_Desktop - 7.png
[2025-07-18 08:50:56] isImageSafe() called for: ../public/uploads/687a0af0af3f4_Desktop - 9.png
[2025-07-18 08:50:57] isImageSafe() called for: ../public/uploads/687a0af1399f5_Desktop - 8.png
[2025-07-18 08:50:57] isImageSafe() called for: ../public/uploads/687a0af1af2dd_Desktop - 7.png
[2025-07-18 08:56:28] isImageSafe() called for: ../public/uploads/687a0c3ca5e33_Desktop - 9.png
[2025-07-18 09:34:58] isImageSafe() called for: ../public/uploads/687a1542670fd_Desktop - 7.png
[2025-07-18 09:47:51] isImageSafe() called for: ../public/uploads/687a18470471f_Desktop - 9.png
[2025-07-18 09:47:51] isImageSafe() called for: ../public/uploads/687a18478a51e_Desktop - 8.png
[2025-07-18 11:03:17] isImageSafe() called for: ../public/uploads/687a29f588ae9_Desktop - 9.png
[2025-07-18 11:03:18] isImageSafe() called for: ../public/uploads/687a29f616f96_Desktop - 8.png
[2025-07-23 13:26:19] isImageSafe() called for: ../public/uploads/6880e2fb5f37f_1000055935.jpg
[2025-07-23 13:26:22] isImageSafe() called for: ../public/uploads/6880e2fe4f1f6_1000055935.jpg
[2025-07-24 08:52:45] isImageSafe() called for: ../public/uploads/6881f45d433be_1000055008.jpg
[2025-07-24 09:00:01] isImageSafe() called for: ../public/uploads/6881f611a48a5_1000054980.jpg
[2025-07-24 09:07:56] isImageSafe() called for: ../public/uploads/6881f7ec49c48_1000057843.jpg
[2025-07-24 09:07:56] isImageSafe() called for: ../public/uploads/6881f7eca65e5_1000057850.jpg
[2025-07-24 09:07:57] isImageSafe() called for: ../public/uploads/6881f7ed0afe1_1000057847.jpg
[2025-07-24 09:07:57] isImageSafe() called for: ../public/uploads/6881f7ed6c0be_1000057842.jpg
[2025-07-24 09:07:57] isImageSafe() called for: ../public/uploads/6881f7edad2a0_1000057846.jpg
[2025-07-24 09:07:58] isImageSafe() called for: ../public/uploads/6881f7ee01f8d_1000057873.jpg
[2025-07-24 09:07:58] isImageSafe() called for: ../public/uploads/6881f7ee5a4fc_1000057853.jpg
[2025-07-24 09:18:40] isImageSafe() called for: ../public/uploads/6881fa70c48d1_1000057874.jpg
[2025-07-24 09:27:05] isImageSafe() called for: ../public/uploads/6881fc69a6606_1000053125.jpg
[2025-07-24 09:35:26] isImageSafe() called for: ../public/uploads/6881fe5ec999b_1000057884.jpg
[2025-07-24 13:29:27] isImageSafe() called for: ../public/uploads/68823537c6033_1000057966.jpg
[2025-07-24 13:36:10] isImageSafe() called for: ../public/uploads/688236ca96614_1000057967.jpg
[2025-07-25 09:17:51] isImageSafe() called for: ../public/uploads/68834bbfd72bd_1000052471.jpg
[2025-07-28 10:50:21] isImageSafe() called for: ../public/uploads/688755ed7f08d_1000059390.jpg
[2025-07-28 10:57:38] isImageSafe() called for: ../public/uploads/688757a26f563_1000058652.jpg
[2025-08-05 10:10:05] isImageSafe() called for: ../public/uploads/6891d87cd995b_6J6A9329.jpg
[2025-08-05 10:10:06] isImageSafe() called for: ../public/uploads/6891d87dc1c32_6J6A9314.jpg
[2025-08-05 10:10:06] isImageSafe() called for: ../public/uploads/6891d87e8a255_6J6A9311.jpg
[2025-08-05 10:10:07] isImageSafe() called for: ../public/uploads/6891d87f480e4_6J6A9407.jpg
[2025-08-05 10:10:08] isImageSafe() called for: ../public/uploads/6891d88020ba0_6J6A9386.jpg
[2025-08-05 10:10:09] isImageSafe() called for: ../public/uploads/6891d880d99e1_6J6A9392.jpg
[2025-08-05 10:10:10] isImageSafe() called for: ../public/uploads/6891d881b1be3_6J6A9353.jpg
[2025-08-05 10:24:14] isImageSafe() called for: ../public/uploads/6891dbcdb136e_IMG_20250506_151247_910@-1461296685.jpg
[2025-08-05 10:24:14] isImageSafe() called for: ../public/uploads/6891dbce75fe0_IMG_20250508_182717_901.jpg
[2025-08-05 10:24:15] isImageSafe() called for: ../public/uploads/6891dbcf1bc9d_IMG_20250506_152303_759@-1060439818.jpg
[2025-08-05 10:24:16] isImageSafe() called for: ../public/uploads/6891dbcfc4439_IMG_20250506_151218_468@1623739477.jpg
[2025-08-05 10:24:16] isImageSafe() called for: ../public/uploads/6891dbd072939_IMG_20250506_151327_627@-1197670983.jpg
[2025-08-05 10:24:17] isImageSafe() called for: ../public/uploads/6891dbd1109c7_IMG_20250508_182727_845.jpg
[2025-08-05 10:24:18] isImageSafe() called for: ../public/uploads/6891dbd1ae8b5_IMG_20250508_182732_414.jpg
[2025-08-10 20:58:10] isImageSafe() called for: ../public/uploads/689907e23821e_192449.jpg
[2025-08-13 14:40:43] isImageSafe() called for: ../public/uploads/689ca3ea26b78_Artboard 3first post.png
[2025-08-18 10:54:03] isImageSafe() called for: ../public/uploads/68a3064b23927_1000000317.jpg
[2025-08-18 10:54:05] isImageSafe() called for: ../public/uploads/68a3064d44cd5_1000000349.jpg
[2025-08-18 10:54:07] isImageSafe() called for: ../public/uploads/68a3064f0788c_1000000289.jpg
[2025-08-18 10:54:09] isImageSafe() called for: ../public/uploads/68a30651d17ec_1000000295.jpg
[2025-08-18 10:54:12] isImageSafe() called for: ../public/uploads/68a3065417799_1000000298.jpg
[2025-08-18 10:54:15] isImageSafe() called for: ../public/uploads/68a3065728847_1000000283.jpg
[2025-08-18 10:54:17] isImageSafe() called for: ../public/uploads/68a306595b33c_1000000334.jpg
[2025-08-18 10:55:02] isImageSafe() called for: ../public/uploads/68a306869485c_1000000317.jpg
[2025-08-18 10:55:04] isImageSafe() called for: ../public/uploads/68a306889a145_1000000349.jpg
[2025-08-18 10:55:06] isImageSafe() called for: ../public/uploads/68a3068ad968d_1000000289.jpg
[2025-08-18 10:55:09] isImageSafe() called for: ../public/uploads/68a3068d1ec55_1000000295.jpg
[2025-08-18 10:55:11] isImageSafe() called for: ../public/uploads/68a3068f05b34_1000000298.jpg
[2025-08-18 10:55:14] isImageSafe() called for: ../public/uploads/68a3069257bd0_1000000283.jpg
[2025-08-18 10:55:16] isImageSafe() called for: ../public/uploads/68a306947652a_1000000334.jpg
[2025-08-27 22:02:18] isImageSafe() called for: ../public/uploads/68af806ae4d02_3543.jpg
[2025-08-27 22:02:19] isImageSafe() called for: ../public/uploads/68af806b4038e_3535.jpg
[2025-08-27 22:02:19] isImageSafe() called for: ../public/uploads/68af806b9a229_3537.jpg
[2025-08-27 22:02:19] isImageSafe() called for: ../public/uploads/68af806be5a02_3539.jpg
[2025-08-27 22:02:20] isImageSafe() called for: ../public/uploads/68af806c4d3dc_3531.jpg
[2025-08-27 22:02:20] isImageSafe() called for: ../public/uploads/68af806ca2bf5_3527.jpg
[2025-09-02 13:20:09] isImageSafe() called for: ../public/uploads/68b6ef09de13b_IMG-20250417-WA0041.jpg
[2025-09-02 13:20:10] isImageSafe() called for: ../public/uploads/68b6ef0a65dbd_IMG-20250417-WA0028.jpg
[2025-09-02 13:20:10] isImageSafe() called for: ../public/uploads/68b6ef0ac0f0e_IMG-20250417-WA0030.jpg
[2025-09-02 13:20:11] isImageSafe() called for: ../public/uploads/68b6ef0b3d6c3_IMG-20250417-WA0032.jpg
[2025-09-02 13:20:11] isImageSafe() called for: ../public/uploads/68b6ef0baa994_IMG-20250417-WA0033.jpg
[2025-09-02 13:20:12] isImageSafe() called for: ../public/uploads/68b6ef0c18a88_IMG-20250417-WA0031.jpg
[2025-09-02 13:20:12] isImageSafe() called for: ../public/uploads/68b6ef0c94240_IMG-20250417-WA0044.jpg
[2025-09-04 10:55:33] isImageSafe() called for: ../public/uploads/68b97025d07a2_4596.jpg
[2025-09-04 10:55:34] isImageSafe() called for: ../public/uploads/68b970266c388_4592.jpg
[2025-09-04 10:55:34] isImageSafe() called for: ../public/uploads/68b97026d1489_4594.jpg
[2025-09-04 10:55:35] isImageSafe() called for: ../public/uploads/68b970274474e_4590.jpg
[2025-09-04 10:55:35] isImageSafe() called for: ../public/uploads/68b97027aa31c_4586.jpg
[2025-09-04 10:55:36] isImageSafe() called for: ../public/uploads/68b97028276d9_4588.jpg
[2025-09-04 10:55:36] isImageSafe() called for: ../public/uploads/68b9702884724_4584.jpg
[2025-09-29 10:54:29] isImageSafe() called for: ../public/uploads/68da6564865d2_new-buildings-with-green-areas.jpg
[2025-09-29 10:54:29] isImageSafe() called for: ../public/uploads/68da65659b74b_068c3f077423c0-60sqmt-newly-built-office-showroom-space-offices-for-rent-new-oko-oba-agege-lagos.jpg
[2025-10-13 10:10:44] isImageSafe() called for: ../public/uploads/68ecd024bad0e_0cd1b0988e783291f5a360e0b66f8be3.jpg
[2025-10-13 10:10:45] isImageSafe() called for: ../public/uploads/68ecd0252a1ef_33d13184ced1e963352e716e4a09528f.jpg
[2025-10-13 10:10:45] isImageSafe() called for: ../public/uploads/68ecd0258600a_f22e912d2b46a4bc9ccd4849ff987610.jpg
[2025-10-17 11:21:15] isImageSafe() called for: ../public/uploads/68f226ab2d424_IMG_20250621_100231_169.jpg
[2025-10-17 11:21:17] isImageSafe() called for: ../public/uploads/68f226ad8bd16_IMG_20250621_100253_625.jpg
[2025-10-17 11:21:20] isImageSafe() called for: ../public/uploads/68f226b00be53_IMG_20250621_100414_094.jpg
[2025-10-17 11:21:22] isImageSafe() called for: ../public/uploads/68f226b250267_IMG_20250621_100456_818.jpg
[2025-10-17 11:27:04] isImageSafe() called for: ../public/uploads/68f22808cfb6b_IMG_20250620_184543_735.jpg
[2025-10-17 11:27:07] isImageSafe() called for: ../public/uploads/68f2280b9ef03_IMG_20250620_184603_796.jpg
[2025-10-17 11:27:09] isImageSafe() called for: ../public/uploads/68f2280dcb5ba_IMG_20250620_184637_372.jpg
[2025-10-17 11:27:12] isImageSafe() called for: ../public/uploads/68f22810bbadc_IMG_20250620_184653_587.jpg
[2025-10-17 11:27:14] isImageSafe() called for: ../public/uploads/68f22812dcdf9_IMG_20250620_184749_954.jpg
[2025-10-21 15:23:08] isImageSafe() called for: ../public/uploads/68f7a55ca087b_IMG-20251021-WA0031.jpg
[2025-10-21 16:03:04] isImageSafe() called for: ../public/uploads/68f7aeb8e49e6_IMG-20251020-WA0048.jpg
[2025-10-21 16:03:05] isImageSafe() called for: ../public/uploads/68f7aeb9b08a0_IMG-20251020-WA0068.jpg
[2025-10-21 16:03:06] isImageSafe() called for: ../public/uploads/68f7aeba8ca0f_IMG-20251020-WA0084.jpg
[2025-10-21 16:03:07] isImageSafe() called for: ../public/uploads/68f7aebb74974_IMG-20251020-WA0074.jpg
[2025-10-21 16:03:08] isImageSafe() called for: ../public/uploads/68f7aebc45164_IMG-20251020-WA0077.jpg
[2025-10-22 10:27:31] isImageSafe() called for: ../public/uploads/68f8b1937ecd2_IMG-20251022-WA0018.jpg
[2025-10-22 10:27:31] isImageSafe() called for: ../public/uploads/68f8b193cb4ab_IMG-20251022-WA0029.jpg
[2025-10-22 10:27:32] isImageSafe() called for: ../public/uploads/68f8b19434e4d_IMG-20251022-WA0017.jpg
[2025-10-22 10:27:32] isImageSafe() called for: ../public/uploads/68f8b1949818c_IMG-20251022-WA0016.jpg
[2025-10-22 10:27:32] isImageSafe() called for: ../public/uploads/68f8b194f2a92_IMG-20251022-WA0023.jpg
[2025-10-22 10:27:33] isImageSafe() called for: ../public/uploads/68f8b1954464c_IMG-20251022-WA0022.jpg
[2025-10-22 10:27:33] isImageSafe() called for: ../public/uploads/68f8b195aa7ed_IMG-20251022-WA0009.jpg
[2025-10-26 13:57:46] isImageSafe() called for: ../public/uploads/68fe28da67558_IMG-20251026-WA0016.jpg
[2025-10-26 13:57:46] isImageSafe() called for: ../public/uploads/68fe28daefb9d_IMG-20251026-WA0011.jpg
[2025-10-26 13:57:47] isImageSafe() called for: ../public/uploads/68fe28db4c973_IMG-20251026-WA0013.jpg
[2025-10-26 13:57:47] isImageSafe() called for: ../public/uploads/68fe28dbab281_IMG-20251026-WA0010.jpg
[2025-10-26 13:57:48] isImageSafe() called for: ../public/uploads/68fe28dc0bb0d_IMG-20251026-WA0015.jpg
[2025-10-26 13:57:48] isImageSafe() called for: ../public/uploads/68fe28dc8f131_IMG-20251026-WA0009.jpg
[2025-10-26 13:57:48] isImageSafe() called for: ../public/uploads/68fe28dce15a8_IMG-20251026-WA0006.jpg
[2025-10-26 16:02:12] isImageSafe() called for: ../public/uploads/68fe46044d7a5_98f038cd37c5ef7511ab6cadfea41029.png
[2025-10-26 16:02:13] isImageSafe() called for: ../public/uploads/68fe4605116d7_0a1b1c646b3ad937761d0260523cb931.png
[2025-10-26 16:02:13] isImageSafe() called for: ../public/uploads/68fe4605b1a93_6b07ef3f86dfa04954e0d28de89de1d3.png
[2025-10-26 16:02:14] isImageSafe() called for: ../public/uploads/68fe46067e43d_2bc92795f470d0ca1bf01d9f5416706f.png
[2025-10-26 16:02:15] isImageSafe() called for: ../public/uploads/68fe46076fda8_b9aea86e48c7e7ed65c5fa0c170c3a6c.png
[2025-10-26 16:02:17] isImageSafe() called for: ../public/uploads/68fe46096c5d5_4562d53c4e834d3a831eb7028fd525c3.png
[2025-10-26 16:02:18] isImageSafe() called for: ../public/uploads/68fe460a2a3fd_8124d34f74e43b4b51c79ea1a6af4511.png
[2025-11-07 12:24:55] isImageSafe() called for: ../public/uploads/690de517a2422_IMG-20251107-WA0006.jpg
[2025-11-07 12:24:55] isImageSafe() called for: ../public/uploads/690de517ec7b6_IMG-20251107-WA0013.jpg
[2025-11-07 12:24:56] isImageSafe() called for: ../public/uploads/690de51845266_IMG-20251107-WA0010.jpg
[2025-11-07 12:24:56] isImageSafe() called for: ../public/uploads/690de5189f1a3_IMG-20251107-WA0011.jpg
[2025-11-07 12:24:56] isImageSafe() called for: ../public/uploads/690de518e1719_IMG-20251107-WA0008.jpg
[2025-11-07 12:24:57] isImageSafe() called for: ../public/uploads/690de5192fe1c_IMG-20251107-WA0014.jpg
[2025-11-07 12:24:57] isImageSafe() called for: ../public/uploads/690de5196aa64_IMG-20251107-WA0018.jpg
[2025-11-07 17:13:57] isImageSafe() called for: ../public/uploads/690e28d57a759_ROYAL ROOM VIEW 3.jpg
[2025-11-07 17:13:58] isImageSafe() called for: ../public/uploads/690e28d6dd00e_ROYAL ROOM VIEW4.jpg
[2025-11-07 17:14:00] isImageSafe() called for: ../public/uploads/690e28d85f3c8_ROYALROOM BEDTOP.jpg
[2025-11-07 17:14:01] isImageSafe() called for: ../public/uploads/690e28d94ed8f_STANDARD ROOM VIEW.jpg
[2025-11-07 17:14:02] isImageSafe() called for: ../public/uploads/690e28daa3766_STANDARD ROOM WALL DESIGN.jpg
[2025-11-07 17:14:03] isImageSafe() called for: ../public/uploads/690e28dbee17a_TOILET ROOM VIEW 2.jpg
[2025-11-07 17:14:05] isImageSafe() called for: ../public/uploads/690e28dd40398_TOP HALLWAY 2.jpg
[2025-11-12 08:54:44] isImageSafe() called for: ../public/uploads/69144b544799b_73910.jpg
[2025-11-12 08:54:44] isImageSafe() called for: ../public/uploads/69144b54979f8_73913.jpg
[2025-11-12 08:54:44] isImageSafe() called for: ../public/uploads/69144b54eb956_73911.jpg
[2025-11-12 08:54:45] isImageSafe() called for: ../public/uploads/69144b5533d18_73909.jpg
