[2025-05-09 13:42:10] SafeSearch result: {"adult":"VERY_LIKELY","spoof":"VERY_UNLIKELY","medical":"LIKELY","violence":"UNLIKELY","racy":"VERY_LIKELY"}
[2025-05-09 13:47:33] SafeSearch result: {"adult":"VERY_UNLIKELY","spoof":"VERY_UNLIKELY","medical":"VERY_UNLIKELY","violence":"VERY_UNLIKELY","racy":"VERY_UNLIKELY"}
[2025-05-09 13:47:37] SafeSearch result: {"adult":"VERY_UNLIKELY","spoof":"VERY_UNLIKELY","medical":"VERY_UNLIKELY","violence":"VERY_UNLIKELY","racy":"UNLIKELY"}
[2025-05-09 13:47:42] SafeSearch result: {"adult":"VERY_UNLIKELY","spoof":"VERY_UNLIKELY","medical":"VERY_UNLIKELY","violence":"VERY_UNLIKELY","racy":"UNLIKELY"}
[2025-05-09 13:47:47] SafeSearch result: {"adult":"VERY_UNLIKELY","spoof":"VERY_UNLIKELY","medical":"VERY_UNLIKELY","violence":"VERY_UNLIKELY","racy":"UNLIKELY"}
[2025-05-09 13:47:52] SafeSearch result: {"adult":"VERY_UNLIKELY","spoof":"VERY_UNLIKELY","medical":"VERY_UNLIKELY","violence":"VERY_UNLIKELY","racy":"VERY_UNLIKELY"}
[2025-05-09 13:53:56] SafeSearch result: {"adult":"VERY_UNLIKELY","spoof":"VERY_UNLIKELY","medical":"VERY_UNLIKELY","violence":"VERY_UNLIKELY","racy":"VERY_UNLIKELY"}
[2025-05-09 13:54:03] SafeSearch result: {"adult":"VERY_UNLIKELY","spoof":"VERY_UNLIKELY","medical":"VERY_UNLIKELY","violence":"VERY_UNLIKELY","racy":"UNLIKELY"}
[2025-05-09 13:54:08] SafeSearch result: {"adult":"VERY_UNLIKELY","spoof":"VERY_UNLIKELY","medical":"VERY_UNLIKELY","violence":"VERY_UNLIKELY","racy":"UNLIKELY"}
[2025-05-09 13:56:06] SafeSearch result: {"adult":"VERY_UNLIKELY","spoof":"VERY_UNLIKELY","medical":"VERY_UNLIKELY","violence":"VERY_UNLIKELY","racy":"VERY_UNLIKELY"}
[2025-05-09 13:56:11] SafeSearch result: {"adult":"VERY_UNLIKELY","spoof":"VERY_UNLIKELY","medical":"VERY_UNLIKELY","violence":"VERY_UNLIKELY","racy":"UNLIKELY"}
[2025-05-09 13:56:16] SafeSearch result: {"adult":"VERY_UNLIKELY","spoof":"VERY_UNLIKELY","medical":"VERY_UNLIKELY","violence":"VERY_UNLIKELY","racy":"UNLIKELY"}
[2025-05-09 13:57:35] SafeSearch result: {"adult":"VERY_UNLIKELY","spoof":"VERY_UNLIKELY","medical":"VERY_UNLIKELY","violence":"VERY_UNLIKELY","racy":"VERY_UNLIKELY"}
[2025-05-09 13:57:39] SafeSearch result: {"adult":"VERY_UNLIKELY","spoof":"VERY_UNLIKELY","medical":"VERY_UNLIKELY","violence":"VERY_UNLIKELY","racy":"UNLIKELY"}
[2025-05-09 13:57:44] SafeSearch result: {"adult":"VERY_UNLIKELY","spoof":"VERY_UNLIKELY","medical":"VERY_UNLIKELY","violence":"VERY_UNLIKELY","racy":"UNLIKELY"}
[2025-05-09 14:02:44] SafeSearch result: {"adult":"VERY_UNLIKELY","spoof":"VERY_UNLIKELY","medical":"VERY_UNLIKELY","violence":"VERY_UNLIKELY","racy":"UNLIKELY"}
[2025-05-09 14:02:49] SafeSearch result: {"adult":"VERY_UNLIKELY","spoof":"VERY_UNLIKELY","medical":"VERY_UNLIKELY","violence":"VERY_UNLIKELY","racy":"UNLIKELY"}
[2025-05-09 14:02:54] SafeSearch result: {"adult":"VERY_UNLIKELY","spoof":"VERY_UNLIKELY","medical":"VERY_UNLIKELY","violence":"VERY_UNLIKELY","racy":"UNLIKELY"}
[2025-05-09 14:02:59] SafeSearch result: {"adult":"VERY_UNLIKELY","spoof":"VERY_UNLIKELY","medical":"VERY_UNLIKELY","violence":"VERY_UNLIKELY","racy":"VERY_UNLIKELY"}
[2025-05-09 14:09:30] SafeSearch result: {"adult":"VERY_UNLIKELY","spoof":"VERY_UNLIKELY","medical":"VERY_UNLIKELY","violence":"VERY_UNLIKELY","racy":"VERY_UNLIKELY"}
[2025-05-09 14:09:35] SafeSearch result: {"adult":"VERY_UNLIKELY","spoof":"VERY_UNLIKELY","medical":"VERY_UNLIKELY","violence":"VERY_UNLIKELY","racy":"UNLIKELY"}
[2025-05-09 14:09:41] SafeSearch result: {"adult":"VERY_UNLIKELY","spoof":"VERY_UNLIKELY","medical":"VERY_UNLIKELY","violence":"VERY_UNLIKELY","racy":"UNLIKELY"}
[2025-05-09 14:10:22] SafeSearch result: {"adult":"VERY_UNLIKELY","spoof":"VERY_UNLIKELY","medical":"VERY_UNLIKELY","violence":"VERY_UNLIKELY","racy":"VERY_UNLIKELY"}
[2025-05-09 14:10:27] SafeSearch result: {"adult":"VERY_UNLIKELY","spoof":"VERY_UNLIKELY","medical":"VERY_UNLIKELY","violence":"VERY_UNLIKELY","racy":"UNLIKELY"}
[2025-05-09 14:10:33] SafeSearch result: {"adult":"VERY_UNLIKELY","spoof":"VERY_UNLIKELY","medical":"VERY_UNLIKELY","violence":"VERY_UNLIKELY","racy":"UNLIKELY"}
[2025-05-09 14:15:20] SafeSearch result: {"adult":"VERY_UNLIKELY","spoof":"VERY_UNLIKELY","medical":"VERY_UNLIKELY","violence":"VERY_UNLIKELY","racy":"UNLIKELY"}
[2025-05-09 14:15:25] SafeSearch result: {"adult":"VERY_UNLIKELY","spoof":"VERY_UNLIKELY","medical":"VERY_UNLIKELY","violence":"VERY_UNLIKELY","racy":"UNLIKELY"}
[2025-05-09 14:17:11] SafeSearch result: {"adult":"VERY_UNLIKELY","spoof":"VERY_UNLIKELY","medical":"VERY_UNLIKELY","violence":"VERY_UNLIKELY","racy":"VERY_UNLIKELY"}
[2025-05-09 14:17:16] SafeSearch result: {"adult":"VERY_UNLIKELY","spoof":"VERY_UNLIKELY","medical":"VERY_UNLIKELY","violence":"VERY_UNLIKELY","racy":"UNLIKELY"}
[2025-05-09 14:20:52] SafeSearch result: {"adult":"VERY_UNLIKELY","spoof":"VERY_UNLIKELY","medical":"VERY_UNLIKELY","violence":"VERY_UNLIKELY","racy":"VERY_UNLIKELY"}
[2025-05-09 14:20:56] SafeSearch result: {"adult":"VERY_UNLIKELY","spoof":"VERY_UNLIKELY","medical":"VERY_UNLIKELY","violence":"VERY_UNLIKELY","racy":"UNLIKELY"}
[2025-05-09 14:21:01] SafeSearch result: {"adult":"VERY_UNLIKELY","spoof":"VERY_UNLIKELY","medical":"VERY_UNLIKELY","violence":"VERY_UNLIKELY","racy":"UNLIKELY"}
[2025-05-09 14:22:03] SafeSearch result: {"adult":"VERY_UNLIKELY","spoof":"VERY_UNLIKELY","medical":"VERY_UNLIKELY","violence":"VERY_UNLIKELY","racy":"VERY_UNLIKELY"}
[2025-05-09 14:22:08] SafeSearch result: {"adult":"VERY_UNLIKELY","spoof":"VERY_UNLIKELY","medical":"VERY_UNLIKELY","violence":"VERY_UNLIKELY","racy":"UNLIKELY"}
[2025-05-09 14:31:25] SafeSearch result: {"adult":"VERY_UNLIKELY","spoof":"VERY_UNLIKELY","medical":"VERY_UNLIKELY","violence":"VERY_UNLIKELY","racy":"VERY_UNLIKELY"}
[2025-05-09 14:31:29] SafeSearch result: {"adult":"VERY_UNLIKELY","spoof":"VERY_UNLIKELY","medical":"VERY_UNLIKELY","violence":"VERY_UNLIKELY","racy":"UNLIKELY"}
[2025-05-09 14:31:34] SafeSearch result: {"adult":"VERY_UNLIKELY","spoof":"VERY_UNLIKELY","medical":"VERY_UNLIKELY","violence":"VERY_UNLIKELY","racy":"UNLIKELY"}
[2025-05-09 14:44:45] SafeSearch result: {"adult":"VERY_LIKELY","spoof":"VERY_UNLIKELY","medical":"LIKELY","violence":"UNLIKELY","racy":"VERY_LIKELY"}
[2025-05-09 14:46:17] SafeSearch result: {"adult":"VERY_UNLIKELY","spoof":"VERY_UNLIKELY","medical":"VERY_UNLIKELY","violence":"VERY_UNLIKELY","racy":"VERY_UNLIKELY"}
[2025-05-09 14:46:23] SafeSearch result: {"adult":"VERY_UNLIKELY","spoof":"VERY_UNLIKELY","medical":"VERY_UNLIKELY","violence":"VERY_UNLIKELY","racy":"UNLIKELY"}
[2025-05-09 14:46:28] SafeSearch result: {"adult":"VERY_UNLIKELY","spoof":"VERY_UNLIKELY","medical":"VERY_UNLIKELY","violence":"VERY_UNLIKELY","racy":"UNLIKELY"}
[2025-05-09 14:46:36] SafeSearch result: {"adult":"VERY_UNLIKELY","spoof":"VERY_UNLIKELY","medical":"VERY_UNLIKELY","violence":"VERY_UNLIKELY","racy":"UNLIKELY"}
[2025-05-09 14:46:41] SafeSearch result: {"adult":"VERY_UNLIKELY","spoof":"VERY_UNLIKELY","medical":"VERY_UNLIKELY","violence":"VERY_UNLIKELY","racy":"VERY_UNLIKELY"}
[2025-05-09 14:52:17] SafeSearch result: {"adult":"VERY_UNLIKELY","spoof":"VERY_UNLIKELY","medical":"VERY_UNLIKELY","violence":"VERY_UNLIKELY","racy":"VERY_UNLIKELY"}
[2025-05-09 14:52:22] SafeSearch result: {"adult":"VERY_UNLIKELY","spoof":"VERY_UNLIKELY","medical":"VERY_UNLIKELY","violence":"VERY_UNLIKELY","racy":"UNLIKELY"}
[2025-05-09 14:52:27] SafeSearch result: {"adult":"VERY_UNLIKELY","spoof":"VERY_UNLIKELY","medical":"VERY_UNLIKELY","violence":"VERY_UNLIKELY","racy":"UNLIKELY"}
[2025-05-09 14:52:31] SafeSearch result: {"adult":"VERY_UNLIKELY","spoof":"VERY_UNLIKELY","medical":"VERY_UNLIKELY","violence":"VERY_UNLIKELY","racy":"VERY_UNLIKELY"}
[2025-05-09 15:11:45] SafeSearch result: {"adult":"VERY_UNLIKELY","spoof":"VERY_UNLIKELY","medical":"VERY_UNLIKELY","violence":"VERY_UNLIKELY","racy":"VERY_UNLIKELY"}
[2025-05-09 15:11:47] SafeSearch result: {"adult":"VERY_UNLIKELY","spoof":"VERY_UNLIKELY","medical":"VERY_UNLIKELY","violence":"VERY_UNLIKELY","racy":"VERY_UNLIKELY"}
[2025-05-09 15:11:49] SafeSearch result: {"adult":"VERY_UNLIKELY","spoof":"VERY_UNLIKELY","medical":"VERY_UNLIKELY","violence":"VERY_UNLIKELY","racy":"UNLIKELY"}
[2025-05-09 15:14:15] SafeSearch result: {"adult":"VERY_LIKELY","spoof":"VERY_UNLIKELY","medical":"LIKELY","violence":"UNLIKELY","racy":"VERY_LIKELY"}
[2025-05-28 23:03:09] SafeSearch result: {"adult":"VERY_UNLIKELY","spoof":"VERY_UNLIKELY","medical":"VERY_UNLIKELY","violence":"VERY_UNLIKELY","racy":"VERY_UNLIKELY"}
[2025-06-24 08:59:29] SafeSearch result: {"adult":"VERY_UNLIKELY","spoof":"VERY_UNLIKELY","medical":"VERY_UNLIKELY","violence":"VERY_UNLIKELY","racy":"UNLIKELY"}
[2025-06-24 08:59:30] SafeSearch result: {"adult":"VERY_UNLIKELY","spoof":"VERY_UNLIKELY","medical":"VERY_UNLIKELY","violence":"VERY_UNLIKELY","racy":"UNLIKELY"}
[2025-06-24 08:59:32] SafeSearch result: {"adult":"VERY_UNLIKELY","spoof":"VERY_UNLIKELY","medical":"VERY_UNLIKELY","violence":"VERY_UNLIKELY","racy":"VERY_UNLIKELY"}
[2025-06-24 08:59:34] SafeSearch result: {"adult":"VERY_UNLIKELY","spoof":"VERY_UNLIKELY","medical":"VERY_UNLIKELY","violence":"VERY_UNLIKELY","racy":"UNLIKELY"}
[2025-06-24 09:10:18] SafeSearch result: {"adult":"VERY_UNLIKELY","spoof":"VERY_UNLIKELY","medical":"VERY_UNLIKELY","violence":"VERY_UNLIKELY","racy":"UNLIKELY"}
[2025-06-24 09:10:20] SafeSearch result: {"adult":"VERY_UNLIKELY","spoof":"VERY_UNLIKELY","medical":"VERY_UNLIKELY","violence":"VERY_UNLIKELY","racy":"VERY_UNLIKELY"}
[2025-06-24 09:10:22] SafeSearch result: {"adult":"VERY_UNLIKELY","spoof":"VERY_UNLIKELY","medical":"VERY_UNLIKELY","violence":"VERY_UNLIKELY","racy":"UNLIKELY"}
[2025-06-24 09:10:24] SafeSearch result: {"adult":"VERY_UNLIKELY","spoof":"VERY_UNLIKELY","medical":"VERY_UNLIKELY","violence":"VERY_UNLIKELY","racy":"UNLIKELY"}
[2025-06-24 09:35:30] SafeSearch result: {"adult":"VERY_UNLIKELY","spoof":"VERY_UNLIKELY","medical":"VERY_UNLIKELY","violence":"VERY_UNLIKELY","racy":"UNLIKELY"}
[2025-06-24 09:35:30] SafeSearch result: {"adult":"VERY_UNLIKELY","spoof":"VERY_UNLIKELY","medical":"VERY_UNLIKELY","violence":"VERY_UNLIKELY","racy":"VERY_UNLIKELY"}
[2025-06-24 09:35:31] SafeSearch result: {"adult":"VERY_UNLIKELY","spoof":"VERY_UNLIKELY","medical":"VERY_UNLIKELY","violence":"VERY_UNLIKELY","racy":"UNLIKELY"}
[2025-06-24 09:45:33] SafeSearch result: {"adult":"VERY_UNLIKELY","spoof":"VERY_UNLIKELY","medical":"VERY_UNLIKELY","violence":"VERY_UNLIKELY","racy":"UNLIKELY"}
[2025-06-24 09:45:34] SafeSearch result: {"adult":"VERY_UNLIKELY","spoof":"VERY_UNLIKELY","medical":"VERY_UNLIKELY","violence":"VERY_UNLIKELY","racy":"VERY_UNLIKELY"}
[2025-06-24 09:45:35] SafeSearch result: {"adult":"VERY_UNLIKELY","spoof":"VERY_UNLIKELY","medical":"VERY_UNLIKELY","violence":"VERY_UNLIKELY","racy":"UNLIKELY"}
[2025-06-24 09:45:35] SafeSearch result: {"adult":"VERY_UNLIKELY","spoof":"VERY_UNLIKELY","medical":"VERY_UNLIKELY","violence":"VERY_UNLIKELY","racy":"UNLIKELY"}
[2025-06-24 09:45:36] SafeSearch result: {"adult":"VERY_UNLIKELY","spoof":"VERY_UNLIKELY","medical":"VERY_UNLIKELY","violence":"VERY_UNLIKELY","racy":"UNLIKELY"}
[2025-07-17 14:22:01] SafeSearch result: {"adult":"VERY_UNLIKELY","spoof":"VERY_UNLIKELY","medical":"VERY_UNLIKELY","violence":"VERY_UNLIKELY","racy":"VERY_UNLIKELY"}
[2025-07-18 07:51:57] SafeSearch result: {"adult":"VERY_UNLIKELY","spoof":"VERY_UNLIKELY","medical":"VERY_UNLIKELY","violence":"VERY_UNLIKELY","racy":"VERY_UNLIKELY"}
[2025-07-18 07:51:57] SafeSearch result: {"adult":"VERY_UNLIKELY","spoof":"VERY_UNLIKELY","medical":"VERY_UNLIKELY","violence":"VERY_UNLIKELY","racy":"UNLIKELY"}
[2025-07-18 07:51:58] SafeSearch result: {"adult":"VERY_UNLIKELY","spoof":"VERY_UNLIKELY","medical":"VERY_UNLIKELY","violence":"VERY_UNLIKELY","racy":"VERY_UNLIKELY"}
[2025-07-18 08:15:13] SafeSearch result: {"adult":"VERY_UNLIKELY","spoof":"VERY_UNLIKELY","medical":"VERY_UNLIKELY","violence":"VERY_UNLIKELY","racy":"VERY_UNLIKELY"}
[2025-07-18 08:15:13] SafeSearch result: {"adult":"VERY_UNLIKELY","spoof":"VERY_UNLIKELY","medical":"VERY_UNLIKELY","violence":"VERY_UNLIKELY","racy":"UNLIKELY"}
[2025-07-18 08:15:14] SafeSearch result: {"adult":"VERY_UNLIKELY","spoof":"VERY_UNLIKELY","medical":"VERY_UNLIKELY","violence":"VERY_UNLIKELY","racy":"VERY_UNLIKELY"}
[2025-07-18 08:15:14] SafeSearch result: {"adult":"VERY_UNLIKELY","spoof":"UNLIKELY","medical":"VERY_UNLIKELY","violence":"VERY_UNLIKELY","racy":"VERY_UNLIKELY"}
[2025-07-18 08:37:36] SafeSearch result: {"adult":"VERY_UNLIKELY","spoof":"VERY_UNLIKELY","medical":"VERY_UNLIKELY","violence":"VERY_UNLIKELY","racy":"VERY_UNLIKELY"}
[2025-07-18 08:37:36] SafeSearch result: {"adult":"VERY_UNLIKELY","spoof":"VERY_UNLIKELY","medical":"VERY_UNLIKELY","violence":"VERY_UNLIKELY","racy":"UNLIKELY"}
[2025-07-18 08:37:37] SafeSearch result: {"adult":"VERY_UNLIKELY","spoof":"VERY_UNLIKELY","medical":"VERY_UNLIKELY","violence":"VERY_UNLIKELY","racy":"VERY_UNLIKELY"}
[2025-07-18 08:50:57] SafeSearch result: {"adult":"VERY_UNLIKELY","spoof":"VERY_UNLIKELY","medical":"VERY_UNLIKELY","violence":"VERY_UNLIKELY","racy":"VERY_UNLIKELY"}
[2025-07-18 08:50:57] SafeSearch result: {"adult":"VERY_UNLIKELY","spoof":"VERY_UNLIKELY","medical":"VERY_UNLIKELY","violence":"VERY_UNLIKELY","racy":"UNLIKELY"}
[2025-07-18 08:50:58] SafeSearch result: {"adult":"VERY_UNLIKELY","spoof":"VERY_UNLIKELY","medical":"VERY_UNLIKELY","violence":"VERY_UNLIKELY","racy":"VERY_UNLIKELY"}
[2025-07-18 08:56:29] SafeSearch result: {"adult":"VERY_UNLIKELY","spoof":"VERY_UNLIKELY","medical":"VERY_UNLIKELY","violence":"VERY_UNLIKELY","racy":"VERY_UNLIKELY"}
[2025-07-18 09:34:58] SafeSearch result: {"adult":"VERY_UNLIKELY","spoof":"VERY_UNLIKELY","medical":"VERY_UNLIKELY","violence":"VERY_UNLIKELY","racy":"VERY_UNLIKELY"}
[2025-07-18 09:47:51] SafeSearch result: {"adult":"VERY_UNLIKELY","spoof":"VERY_UNLIKELY","medical":"VERY_UNLIKELY","violence":"VERY_UNLIKELY","racy":"VERY_UNLIKELY"}
[2025-07-18 09:47:52] SafeSearch result: {"adult":"VERY_UNLIKELY","spoof":"VERY_UNLIKELY","medical":"VERY_UNLIKELY","violence":"VERY_UNLIKELY","racy":"UNLIKELY"}
[2025-07-18 11:03:18] SafeSearch result: {"adult":"VERY_UNLIKELY","spoof":"VERY_UNLIKELY","medical":"VERY_UNLIKELY","violence":"VERY_UNLIKELY","racy":"VERY_UNLIKELY"}
[2025-07-18 11:03:18] SafeSearch result: {"adult":"VERY_UNLIKELY","spoof":"VERY_UNLIKELY","medical":"VERY_UNLIKELY","violence":"VERY_UNLIKELY","racy":"UNLIKELY"}
[2025-07-23 13:26:19] SafeSearch result: {"adult":"VERY_UNLIKELY","spoof":"VERY_UNLIKELY","medical":"VERY_UNLIKELY","violence":"VERY_UNLIKELY","racy":"UNLIKELY"}
[2025-07-23 13:26:22] SafeSearch result: {"adult":"VERY_UNLIKELY","spoof":"VERY_UNLIKELY","medical":"VERY_UNLIKELY","violence":"VERY_UNLIKELY","racy":"UNLIKELY"}
[2025-07-24 08:52:45] SafeSearch result: {"adult":"VERY_UNLIKELY","spoof":"VERY_UNLIKELY","medical":"VERY_UNLIKELY","violence":"VERY_UNLIKELY","racy":"VERY_UNLIKELY"}
[2025-07-24 09:00:02] SafeSearch result: {"adult":"VERY_UNLIKELY","spoof":"UNLIKELY","medical":"VERY_UNLIKELY","violence":"VERY_UNLIKELY","racy":"UNLIKELY"}
[2025-07-24 09:07:56] SafeSearch result: {"adult":"VERY_UNLIKELY","spoof":"VERY_UNLIKELY","medical":"VERY_UNLIKELY","violence":"VERY_UNLIKELY","racy":"VERY_UNLIKELY"}
[2025-07-24 09:07:57] SafeSearch result: {"adult":"VERY_UNLIKELY","spoof":"VERY_UNLIKELY","medical":"VERY_UNLIKELY","violence":"VERY_UNLIKELY","racy":"UNLIKELY"}
[2025-07-24 09:07:57] SafeSearch result: {"adult":"VERY_UNLIKELY","spoof":"VERY_UNLIKELY","medical":"VERY_UNLIKELY","violence":"VERY_UNLIKELY","racy":"VERY_UNLIKELY"}
[2025-07-24 09:07:57] SafeSearch result: {"adult":"VERY_UNLIKELY","spoof":"VERY_UNLIKELY","medical":"VERY_UNLIKELY","violence":"VERY_UNLIKELY","racy":"UNLIKELY"}
[2025-07-24 09:07:58] SafeSearch result: {"adult":"VERY_UNLIKELY","spoof":"VERY_UNLIKELY","medical":"VERY_UNLIKELY","violence":"VERY_UNLIKELY","racy":"VERY_UNLIKELY"}
[2025-07-24 09:07:58] SafeSearch result: {"adult":"VERY_UNLIKELY","spoof":"VERY_UNLIKELY","medical":"VERY_UNLIKELY","violence":"VERY_UNLIKELY","racy":"VERY_UNLIKELY"}
[2025-07-24 09:07:58] SafeSearch result: {"adult":"VERY_UNLIKELY","spoof":"VERY_UNLIKELY","medical":"VERY_UNLIKELY","violence":"VERY_UNLIKELY","racy":"UNLIKELY"}
[2025-07-24 09:18:41] SafeSearch result: {"adult":"VERY_UNLIKELY","spoof":"VERY_UNLIKELY","medical":"VERY_UNLIKELY","violence":"VERY_UNLIKELY","racy":"UNLIKELY"}
[2025-07-24 09:27:06] SafeSearch result: {"adult":"VERY_UNLIKELY","spoof":"VERY_UNLIKELY","medical":"UNLIKELY","violence":"VERY_UNLIKELY","racy":"VERY_UNLIKELY"}
[2025-07-24 09:35:27] SafeSearch result: {"adult":"VERY_UNLIKELY","spoof":"VERY_UNLIKELY","medical":"VERY_UNLIKELY","violence":"VERY_UNLIKELY","racy":"UNLIKELY"}
[2025-07-24 13:29:28] SafeSearch result: {"adult":"VERY_UNLIKELY","spoof":"VERY_UNLIKELY","medical":"VERY_UNLIKELY","violence":"VERY_UNLIKELY","racy":"VERY_UNLIKELY"}
[2025-07-24 13:36:10] SafeSearch result: {"adult":"VERY_UNLIKELY","spoof":"VERY_UNLIKELY","medical":"VERY_UNLIKELY","violence":"VERY_UNLIKELY","racy":"UNLIKELY"}
[2025-07-25 09:17:52] SafeSearch result: {"adult":"VERY_UNLIKELY","spoof":"VERY_UNLIKELY","medical":"VERY_UNLIKELY","violence":"UNLIKELY","racy":"UNLIKELY"}
[2025-07-28 10:50:21] SafeSearch result: {"adult":"VERY_UNLIKELY","spoof":"VERY_UNLIKELY","medical":"VERY_UNLIKELY","violence":"VERY_UNLIKELY","racy":"UNLIKELY"}
[2025-07-28 10:57:38] SafeSearch result: {"adult":"VERY_UNLIKELY","spoof":"VERY_UNLIKELY","medical":"VERY_UNLIKELY","violence":"VERY_UNLIKELY","racy":"UNLIKELY"}
[2025-08-05 10:10:05] SafeSearch result: {"adult":"VERY_UNLIKELY","spoof":"VERY_UNLIKELY","medical":"VERY_UNLIKELY","violence":"VERY_UNLIKELY","racy":"UNLIKELY"}
[2025-08-05 10:10:06] SafeSearch result: {"adult":"VERY_UNLIKELY","spoof":"VERY_UNLIKELY","medical":"VERY_UNLIKELY","violence":"VERY_UNLIKELY","racy":"UNLIKELY"}
[2025-08-05 10:10:07] SafeSearch result: {"adult":"VERY_UNLIKELY","spoof":"VERY_UNLIKELY","medical":"VERY_UNLIKELY","violence":"VERY_UNLIKELY","racy":"UNLIKELY"}
[2025-08-05 10:10:08] SafeSearch result: {"adult":"VERY_UNLIKELY","spoof":"VERY_UNLIKELY","medical":"VERY_UNLIKELY","violence":"VERY_UNLIKELY","racy":"VERY_UNLIKELY"}
[2025-08-05 10:10:08] SafeSearch result: {"adult":"VERY_UNLIKELY","spoof":"VERY_UNLIKELY","medical":"VERY_UNLIKELY","violence":"VERY_UNLIKELY","racy":"UNLIKELY"}
[2025-08-05 10:10:09] SafeSearch result: {"adult":"VERY_UNLIKELY","spoof":"VERY_UNLIKELY","medical":"VERY_UNLIKELY","violence":"VERY_UNLIKELY","racy":"VERY_UNLIKELY"}
[2025-08-05 10:10:10] SafeSearch result: {"adult":"VERY_UNLIKELY","spoof":"VERY_UNLIKELY","medical":"VERY_UNLIKELY","violence":"VERY_UNLIKELY","racy":"UNLIKELY"}
[2025-08-05 10:24:14] SafeSearch result: {"adult":"VERY_UNLIKELY","spoof":"VERY_UNLIKELY","medical":"VERY_UNLIKELY","violence":"VERY_UNLIKELY","racy":"VERY_UNLIKELY"}
[2025-08-05 10:24:15] SafeSearch result: {"adult":"VERY_UNLIKELY","spoof":"VERY_UNLIKELY","medical":"VERY_UNLIKELY","violence":"VERY_UNLIKELY","racy":"VERY_UNLIKELY"}
[2025-08-05 10:24:15] SafeSearch result: {"adult":"UNLIKELY","spoof":"VERY_UNLIKELY","medical":"VERY_UNLIKELY","violence":"VERY_UNLIKELY","racy":"POSSIBLE"}
[2025-08-05 10:24:16] SafeSearch result: {"adult":"VERY_UNLIKELY","spoof":"VERY_UNLIKELY","medical":"VERY_UNLIKELY","violence":"VERY_UNLIKELY","racy":"UNLIKELY"}
[2025-08-05 10:24:17] SafeSearch result: {"adult":"VERY_UNLIKELY","spoof":"VERY_UNLIKELY","medical":"VERY_UNLIKELY","violence":"VERY_UNLIKELY","racy":"VERY_UNLIKELY"}
[2025-08-05 10:24:17] SafeSearch result: {"adult":"VERY_UNLIKELY","spoof":"VERY_UNLIKELY","medical":"VERY_UNLIKELY","violence":"VERY_UNLIKELY","racy":"VERY_UNLIKELY"}
[2025-08-05 10:24:18] SafeSearch result: {"adult":"VERY_UNLIKELY","spoof":"VERY_UNLIKELY","medical":"VERY_UNLIKELY","violence":"VERY_UNLIKELY","racy":"VERY_UNLIKELY"}
[2025-08-10 20:58:10] SafeSearch result: {"adult":"UNLIKELY","spoof":"VERY_UNLIKELY","medical":"UNLIKELY","violence":"UNLIKELY","racy":"POSSIBLE"}
[2025-08-13 14:40:43] SafeSearch result: {"adult":"VERY_UNLIKELY","spoof":"UNLIKELY","medical":"VERY_UNLIKELY","violence":"VERY_UNLIKELY","racy":"VERY_UNLIKELY"}
[2025-08-18 10:54:05] SafeSearch result: {"adult":"VERY_UNLIKELY","spoof":"VERY_UNLIKELY","medical":"VERY_UNLIKELY","violence":"VERY_UNLIKELY","racy":"UNLIKELY"}
[2025-08-18 10:54:07] SafeSearch result: {"adult":"VERY_UNLIKELY","spoof":"VERY_UNLIKELY","medical":"VERY_UNLIKELY","violence":"VERY_UNLIKELY","racy":"UNLIKELY"}
[2025-08-18 10:54:09] SafeSearch result: {"adult":"VERY_UNLIKELY","spoof":"VERY_UNLIKELY","medical":"VERY_UNLIKELY","violence":"VERY_UNLIKELY","racy":"UNLIKELY"}
[2025-08-18 10:54:12] SafeSearch result: {"adult":"VERY_UNLIKELY","spoof":"VERY_UNLIKELY","medical":"VERY_UNLIKELY","violence":"VERY_UNLIKELY","racy":"UNLIKELY"}
[2025-08-18 10:54:15] SafeSearch result: {"adult":"VERY_UNLIKELY","spoof":"VERY_UNLIKELY","medical":"VERY_UNLIKELY","violence":"VERY_UNLIKELY","racy":"UNLIKELY"}
[2025-08-18 10:54:17] SafeSearch result: {"adult":"VERY_UNLIKELY","spoof":"VERY_UNLIKELY","medical":"VERY_UNLIKELY","violence":"VERY_UNLIKELY","racy":"UNLIKELY"}
[2025-08-18 10:54:19] SafeSearch result: {"adult":"VERY_UNLIKELY","spoof":"VERY_UNLIKELY","medical":"VERY_UNLIKELY","violence":"VERY_UNLIKELY","racy":"UNLIKELY"}
[2025-08-18 10:55:04] SafeSearch result: {"adult":"VERY_UNLIKELY","spoof":"VERY_UNLIKELY","medical":"VERY_UNLIKELY","violence":"VERY_UNLIKELY","racy":"UNLIKELY"}
[2025-08-18 10:55:06] SafeSearch result: {"adult":"VERY_UNLIKELY","spoof":"VERY_UNLIKELY","medical":"VERY_UNLIKELY","violence":"VERY_UNLIKELY","racy":"UNLIKELY"}
[2025-08-18 10:55:09] SafeSearch result: {"adult":"VERY_UNLIKELY","spoof":"VERY_UNLIKELY","medical":"VERY_UNLIKELY","violence":"VERY_UNLIKELY","racy":"UNLIKELY"}
[2025-08-18 10:55:11] SafeSearch result: {"adult":"VERY_UNLIKELY","spoof":"VERY_UNLIKELY","medical":"VERY_UNLIKELY","violence":"VERY_UNLIKELY","racy":"UNLIKELY"}
[2025-08-18 10:55:14] SafeSearch result: {"adult":"VERY_UNLIKELY","spoof":"VERY_UNLIKELY","medical":"VERY_UNLIKELY","violence":"VERY_UNLIKELY","racy":"UNLIKELY"}
[2025-08-18 10:55:16] SafeSearch result: {"adult":"VERY_UNLIKELY","spoof":"VERY_UNLIKELY","medical":"VERY_UNLIKELY","violence":"VERY_UNLIKELY","racy":"UNLIKELY"}
[2025-08-18 10:55:18] SafeSearch result: {"adult":"VERY_UNLIKELY","spoof":"VERY_UNLIKELY","medical":"VERY_UNLIKELY","violence":"VERY_UNLIKELY","racy":"UNLIKELY"}
[2025-08-27 22:02:19] SafeSearch result: {"adult":"VERY_UNLIKELY","spoof":"VERY_UNLIKELY","medical":"UNLIKELY","violence":"VERY_UNLIKELY","racy":"VERY_UNLIKELY"}
[2025-08-27 22:02:19] SafeSearch result: {"adult":"VERY_UNLIKELY","spoof":"VERY_UNLIKELY","medical":"VERY_UNLIKELY","violence":"VERY_UNLIKELY","racy":"UNLIKELY"}
[2025-08-27 22:02:19] SafeSearch result: {"adult":"VERY_UNLIKELY","spoof":"VERY_UNLIKELY","medical":"VERY_UNLIKELY","violence":"VERY_UNLIKELY","racy":"UNLIKELY"}
[2025-08-27 22:02:20] SafeSearch result: {"adult":"VERY_UNLIKELY","spoof":"VERY_UNLIKELY","medical":"VERY_UNLIKELY","violence":"VERY_UNLIKELY","racy":"VERY_UNLIKELY"}
[2025-08-27 22:02:20] SafeSearch result: {"adult":"VERY_UNLIKELY","spoof":"VERY_UNLIKELY","medical":"VERY_UNLIKELY","violence":"VERY_UNLIKELY","racy":"VERY_UNLIKELY"}
[2025-08-27 22:02:21] SafeSearch result: {"adult":"VERY_UNLIKELY","spoof":"VERY_UNLIKELY","medical":"VERY_UNLIKELY","violence":"VERY_UNLIKELY","racy":"VERY_UNLIKELY"}
[2025-09-02 13:20:10] SafeSearch result: {"adult":"VERY_UNLIKELY","spoof":"VERY_UNLIKELY","medical":"VERY_UNLIKELY","violence":"VERY_UNLIKELY","racy":"UNLIKELY"}
[2025-09-02 13:20:10] SafeSearch result: {"adult":"VERY_UNLIKELY","spoof":"VERY_UNLIKELY","medical":"VERY_UNLIKELY","violence":"VERY_UNLIKELY","racy":"VERY_UNLIKELY"}
[2025-09-02 13:20:11] SafeSearch result: {"adult":"VERY_UNLIKELY","spoof":"VERY_UNLIKELY","medical":"VERY_UNLIKELY","violence":"VERY_UNLIKELY","racy":"UNLIKELY"}
[2025-09-02 13:20:11] SafeSearch result: {"adult":"VERY_UNLIKELY","spoof":"VERY_UNLIKELY","medical":"VERY_UNLIKELY","violence":"VERY_UNLIKELY","racy":"UNLIKELY"}
[2025-09-02 13:20:12] SafeSearch result: {"adult":"VERY_UNLIKELY","spoof":"VERY_UNLIKELY","medical":"VERY_UNLIKELY","violence":"VERY_UNLIKELY","racy":"VERY_UNLIKELY"}
[2025-09-02 13:20:12] SafeSearch result: {"adult":"VERY_UNLIKELY","spoof":"VERY_UNLIKELY","medical":"VERY_UNLIKELY","violence":"VERY_UNLIKELY","racy":"VERY_UNLIKELY"}
[2025-09-02 13:20:13] SafeSearch result: {"adult":"VERY_UNLIKELY","spoof":"VERY_UNLIKELY","medical":"VERY_UNLIKELY","violence":"VERY_UNLIKELY","racy":"UNLIKELY"}
[2025-09-04 10:55:34] SafeSearch result: {"adult":"VERY_UNLIKELY","spoof":"VERY_UNLIKELY","medical":"VERY_UNLIKELY","violence":"VERY_UNLIKELY","racy":"VERY_UNLIKELY"}
[2025-09-04 10:55:34] SafeSearch result: {"adult":"VERY_UNLIKELY","spoof":"VERY_UNLIKELY","medical":"VERY_UNLIKELY","violence":"VERY_UNLIKELY","racy":"VERY_UNLIKELY"}
[2025-09-04 10:55:35] SafeSearch result: {"adult":"VERY_UNLIKELY","spoof":"VERY_UNLIKELY","medical":"VERY_UNLIKELY","violence":"VERY_UNLIKELY","racy":"VERY_UNLIKELY"}
[2025-09-04 10:55:35] SafeSearch result: {"adult":"VERY_UNLIKELY","spoof":"VERY_UNLIKELY","medical":"VERY_UNLIKELY","violence":"VERY_UNLIKELY","racy":"VERY_UNLIKELY"}
[2025-09-04 10:55:36] SafeSearch result: {"adult":"VERY_UNLIKELY","spoof":"VERY_UNLIKELY","medical":"VERY_UNLIKELY","violence":"VERY_UNLIKELY","racy":"VERY_UNLIKELY"}
[2025-09-04 10:55:36] SafeSearch result: {"adult":"VERY_UNLIKELY","spoof":"VERY_UNLIKELY","medical":"VERY_UNLIKELY","violence":"VERY_UNLIKELY","racy":"VERY_UNLIKELY"}
[2025-09-04 10:55:37] SafeSearch result: {"adult":"VERY_UNLIKELY","spoof":"VERY_UNLIKELY","medical":"VERY_UNLIKELY","violence":"VERY_UNLIKELY","racy":"VERY_UNLIKELY"}
[2025-09-29 10:54:29] SafeSearch result: {"adult":"VERY_UNLIKELY","spoof":"VERY_UNLIKELY","medical":"VERY_UNLIKELY","violence":"VERY_UNLIKELY","racy":"VERY_UNLIKELY"}
[2025-09-29 10:54:30] SafeSearch result: {"adult":"VERY_UNLIKELY","spoof":"VERY_UNLIKELY","medical":"VERY_UNLIKELY","violence":"VERY_UNLIKELY","racy":"VERY_UNLIKELY"}
[2025-10-13 10:10:45] SafeSearch result: {"adult":"VERY_UNLIKELY","spoof":"VERY_UNLIKELY","medical":"VERY_UNLIKELY","violence":"VERY_UNLIKELY","racy":"VERY_UNLIKELY"}
[2025-10-13 10:10:45] SafeSearch result: {"adult":"VERY_UNLIKELY","spoof":"UNLIKELY","medical":"VERY_UNLIKELY","violence":"VERY_UNLIKELY","racy":"UNLIKELY"}
[2025-10-13 10:10:45] SafeSearch result: {"adult":"VERY_UNLIKELY","spoof":"VERY_UNLIKELY","medical":"VERY_UNLIKELY","violence":"VERY_UNLIKELY","racy":"VERY_UNLIKELY"}
[2025-10-17 11:21:17] SafeSearch result: {"adult":"VERY_UNLIKELY","spoof":"VERY_UNLIKELY","medical":"VERY_UNLIKELY","violence":"VERY_UNLIKELY","racy":"VERY_UNLIKELY"}
[2025-10-17 11:21:20] SafeSearch result: {"adult":"VERY_UNLIKELY","spoof":"VERY_UNLIKELY","medical":"VERY_UNLIKELY","violence":"VERY_UNLIKELY","racy":"VERY_UNLIKELY"}
[2025-10-17 11:21:22] SafeSearch result: {"adult":"VERY_UNLIKELY","spoof":"VERY_UNLIKELY","medical":"VERY_UNLIKELY","violence":"VERY_UNLIKELY","racy":"VERY_UNLIKELY"}
[2025-10-17 11:21:25] SafeSearch result: {"adult":"VERY_UNLIKELY","spoof":"VERY_UNLIKELY","medical":"VERY_UNLIKELY","violence":"VERY_UNLIKELY","racy":"UNLIKELY"}
[2025-10-17 11:27:07] SafeSearch result: {"adult":"VERY_UNLIKELY","spoof":"VERY_UNLIKELY","medical":"VERY_UNLIKELY","violence":"VERY_UNLIKELY","racy":"VERY_UNLIKELY"}
[2025-10-17 11:27:09] SafeSearch result: {"adult":"VERY_UNLIKELY","spoof":"VERY_UNLIKELY","medical":"VERY_UNLIKELY","violence":"VERY_UNLIKELY","racy":"VERY_UNLIKELY"}
[2025-10-17 11:27:12] SafeSearch result: {"adult":"VERY_UNLIKELY","spoof":"VERY_UNLIKELY","medical":"VERY_UNLIKELY","violence":"VERY_UNLIKELY","racy":"UNLIKELY"}
[2025-10-17 11:27:14] SafeSearch result: {"adult":"VERY_UNLIKELY","spoof":"VERY_UNLIKELY","medical":"VERY_UNLIKELY","violence":"VERY_UNLIKELY","racy":"VERY_UNLIKELY"}
[2025-10-17 11:27:17] SafeSearch result: {"adult":"VERY_UNLIKELY","spoof":"VERY_UNLIKELY","medical":"VERY_UNLIKELY","violence":"VERY_UNLIKELY","racy":"UNLIKELY"}
[2025-10-21 15:23:09] SafeSearch result: {"adult":"VERY_UNLIKELY","spoof":"VERY_UNLIKELY","medical":"VERY_UNLIKELY","violence":"VERY_UNLIKELY","racy":"UNLIKELY"}
[2025-10-21 16:03:05] SafeSearch result: {"adult":"VERY_UNLIKELY","spoof":"VERY_UNLIKELY","medical":"VERY_UNLIKELY","violence":"VERY_UNLIKELY","racy":"VERY_UNLIKELY"}
[2025-10-21 16:03:06] SafeSearch result: {"adult":"VERY_UNLIKELY","spoof":"VERY_UNLIKELY","medical":"VERY_UNLIKELY","violence":"VERY_UNLIKELY","racy":"UNLIKELY"}
[2025-10-21 16:03:07] SafeSearch result: {"adult":"VERY_UNLIKELY","spoof":"VERY_UNLIKELY","medical":"VERY_UNLIKELY","violence":"VERY_UNLIKELY","racy":"VERY_UNLIKELY"}
[2025-10-21 16:03:08] SafeSearch result: {"adult":"VERY_UNLIKELY","spoof":"VERY_UNLIKELY","medical":"VERY_UNLIKELY","violence":"VERY_UNLIKELY","racy":"VERY_UNLIKELY"}
[2025-10-21 16:03:09] SafeSearch result: {"adult":"POSSIBLE","spoof":"VERY_UNLIKELY","medical":"UNLIKELY","violence":"UNLIKELY","racy":"LIKELY"}
[2025-10-22 10:27:31] SafeSearch result: {"adult":"VERY_UNLIKELY","spoof":"VERY_UNLIKELY","medical":"VERY_UNLIKELY","violence":"VERY_UNLIKELY","racy":"VERY_UNLIKELY"}
[2025-10-22 10:27:32] SafeSearch result: {"adult":"VERY_UNLIKELY","spoof":"VERY_UNLIKELY","medical":"UNLIKELY","violence":"VERY_UNLIKELY","racy":"UNLIKELY"}
[2025-10-22 10:27:32] SafeSearch result: {"adult":"VERY_UNLIKELY","spoof":"VERY_UNLIKELY","medical":"VERY_UNLIKELY","violence":"VERY_UNLIKELY","racy":"VERY_UNLIKELY"}
[2025-10-22 10:27:32] SafeSearch result: {"adult":"VERY_UNLIKELY","spoof":"VERY_UNLIKELY","medical":"VERY_UNLIKELY","violence":"VERY_UNLIKELY","racy":"UNLIKELY"}
[2025-10-22 10:27:33] SafeSearch result: {"adult":"VERY_UNLIKELY","spoof":"VERY_UNLIKELY","medical":"VERY_UNLIKELY","violence":"VERY_UNLIKELY","racy":"VERY_UNLIKELY"}
[2025-10-22 10:27:33] SafeSearch result: {"adult":"VERY_UNLIKELY","spoof":"VERY_UNLIKELY","medical":"VERY_UNLIKELY","violence":"VERY_UNLIKELY","racy":"VERY_UNLIKELY"}
[2025-10-22 10:27:34] SafeSearch result: {"adult":"VERY_UNLIKELY","spoof":"VERY_UNLIKELY","medical":"VERY_UNLIKELY","violence":"VERY_UNLIKELY","racy":"UNLIKELY"}
[2025-10-26 13:57:46] SafeSearch result: {"adult":"VERY_UNLIKELY","spoof":"VERY_UNLIKELY","medical":"VERY_UNLIKELY","violence":"VERY_UNLIKELY","racy":"VERY_UNLIKELY"}
[2025-10-26 13:57:47] SafeSearch result: {"adult":"VERY_UNLIKELY","spoof":"VERY_UNLIKELY","medical":"VERY_UNLIKELY","violence":"VERY_UNLIKELY","racy":"VERY_UNLIKELY"}
[2025-10-26 13:57:47] SafeSearch result: {"adult":"VERY_UNLIKELY","spoof":"VERY_UNLIKELY","medical":"VERY_UNLIKELY","violence":"VERY_UNLIKELY","racy":"VERY_UNLIKELY"}
[2025-10-26 13:57:48] SafeSearch result: {"adult":"VERY_UNLIKELY","spoof":"VERY_UNLIKELY","medical":"VERY_UNLIKELY","violence":"VERY_UNLIKELY","racy":"VERY_UNLIKELY"}
[2025-10-26 13:57:48] SafeSearch result: {"adult":"VERY_UNLIKELY","spoof":"VERY_UNLIKELY","medical":"VERY_UNLIKELY","violence":"VERY_UNLIKELY","racy":"UNLIKELY"}
[2025-10-26 13:57:48] SafeSearch result: {"adult":"VERY_UNLIKELY","spoof":"VERY_UNLIKELY","medical":"VERY_UNLIKELY","violence":"VERY_UNLIKELY","racy":"VERY_UNLIKELY"}
[2025-10-26 13:57:49] SafeSearch result: {"adult":"VERY_UNLIKELY","spoof":"VERY_UNLIKELY","medical":"VERY_UNLIKELY","violence":"VERY_UNLIKELY","racy":"VERY_UNLIKELY"}
[2025-10-26 16:02:13] SafeSearch result: {"adult":"VERY_UNLIKELY","spoof":"POSSIBLE","medical":"VERY_UNLIKELY","violence":"VERY_UNLIKELY","racy":"UNLIKELY"}
[2025-10-26 16:02:13] SafeSearch result: {"adult":"VERY_UNLIKELY","spoof":"LIKELY","medical":"UNLIKELY","violence":"UNLIKELY","racy":"UNLIKELY"}
[2025-10-26 16:02:14] SafeSearch result: {"adult":"VERY_UNLIKELY","spoof":"VERY_UNLIKELY","medical":"VERY_UNLIKELY","violence":"VERY_UNLIKELY","racy":"UNLIKELY"}
[2025-10-26 16:02:15] SafeSearch result: {"adult":"VERY_UNLIKELY","spoof":"UNLIKELY","medical":"VERY_UNLIKELY","violence":"VERY_UNLIKELY","racy":"UNLIKELY"}
[2025-10-26 16:02:17] SafeSearch result: {"adult":"VERY_UNLIKELY","spoof":"VERY_UNLIKELY","medical":"VERY_UNLIKELY","violence":"VERY_UNLIKELY","racy":"UNLIKELY"}
[2025-10-26 16:02:18] SafeSearch result: {"adult":"VERY_UNLIKELY","spoof":"VERY_UNLIKELY","medical":"VERY_UNLIKELY","violence":"VERY_UNLIKELY","racy":"VERY_UNLIKELY"}
[2025-10-26 16:02:19] SafeSearch result: {"adult":"VERY_UNLIKELY","spoof":"VERY_UNLIKELY","medical":"VERY_UNLIKELY","violence":"VERY_UNLIKELY","racy":"UNLIKELY"}
[2025-11-07 12:24:55] SafeSearch result: {"adult":"VERY_UNLIKELY","spoof":"VERY_UNLIKELY","medical":"VERY_UNLIKELY","violence":"VERY_UNLIKELY","racy":"VERY_UNLIKELY"}
[2025-11-07 12:24:56] SafeSearch result: {"adult":"VERY_UNLIKELY","spoof":"VERY_UNLIKELY","medical":"VERY_UNLIKELY","violence":"VERY_UNLIKELY","racy":"UNLIKELY"}
[2025-11-07 12:24:56] SafeSearch result: {"adult":"VERY_UNLIKELY","spoof":"VERY_UNLIKELY","medical":"VERY_UNLIKELY","violence":"VERY_UNLIKELY","racy":"VERY_UNLIKELY"}
[2025-11-07 12:24:56] SafeSearch result: {"adult":"VERY_UNLIKELY","spoof":"VERY_UNLIKELY","medical":"VERY_UNLIKELY","violence":"VERY_UNLIKELY","racy":"VERY_UNLIKELY"}
[2025-11-07 12:24:57] SafeSearch result: {"adult":"VERY_UNLIKELY","spoof":"VERY_UNLIKELY","medical":"VERY_UNLIKELY","violence":"VERY_UNLIKELY","racy":"VERY_UNLIKELY"}
[2025-11-07 12:24:57] SafeSearch result: {"adult":"VERY_UNLIKELY","spoof":"VERY_UNLIKELY","medical":"VERY_UNLIKELY","violence":"VERY_UNLIKELY","racy":"VERY_UNLIKELY"}
[2025-11-07 12:24:57] SafeSearch result: {"adult":"VERY_UNLIKELY","spoof":"VERY_UNLIKELY","medical":"VERY_UNLIKELY","violence":"VERY_UNLIKELY","racy":"VERY_UNLIKELY"}
[2025-11-07 17:13:58] SafeSearch result: {"adult":"VERY_UNLIKELY","spoof":"VERY_UNLIKELY","medical":"VERY_UNLIKELY","violence":"VERY_UNLIKELY","racy":"VERY_UNLIKELY"}
[2025-11-07 17:14:00] SafeSearch result: {"adult":"VERY_UNLIKELY","spoof":"VERY_UNLIKELY","medical":"VERY_UNLIKELY","violence":"VERY_UNLIKELY","racy":"UNLIKELY"}
[2025-11-07 17:14:01] SafeSearch result: {"adult":"VERY_UNLIKELY","spoof":"VERY_UNLIKELY","medical":"VERY_UNLIKELY","violence":"UNLIKELY","racy":"UNLIKELY"}
[2025-11-07 17:14:02] SafeSearch result: {"adult":"VERY_UNLIKELY","spoof":"VERY_UNLIKELY","medical":"VERY_UNLIKELY","violence":"VERY_UNLIKELY","racy":"UNLIKELY"}
[2025-11-07 17:14:03] SafeSearch result: {"adult":"VERY_UNLIKELY","spoof":"VERY_UNLIKELY","medical":"VERY_UNLIKELY","violence":"VERY_UNLIKELY","racy":"UNLIKELY"}
[2025-11-07 17:14:05] SafeSearch result: {"adult":"VERY_UNLIKELY","spoof":"VERY_UNLIKELY","medical":"VERY_UNLIKELY","violence":"VERY_UNLIKELY","racy":"VERY_UNLIKELY"}
[2025-11-07 17:14:06] SafeSearch result: {"adult":"VERY_UNLIKELY","spoof":"VERY_UNLIKELY","medical":"VERY_UNLIKELY","violence":"VERY_UNLIKELY","racy":"VERY_UNLIKELY"}
[2025-11-12 08:54:44] SafeSearch result: {"adult":"VERY_UNLIKELY","spoof":"VERY_UNLIKELY","medical":"VERY_UNLIKELY","violence":"VERY_UNLIKELY","racy":"UNLIKELY"}
[2025-11-12 08:54:44] SafeSearch result: {"adult":"VERY_UNLIKELY","spoof":"VERY_UNLIKELY","medical":"VERY_UNLIKELY","violence":"VERY_UNLIKELY","racy":"UNLIKELY"}
[2025-11-12 08:54:45] SafeSearch result: {"adult":"VERY_UNLIKELY","spoof":"VERY_UNLIKELY","medical":"VERY_UNLIKELY","violence":"VERY_UNLIKELY","racy":"VERY_UNLIKELY"}
[2025-11-12 08:54:45] SafeSearch result: {"adult":"VERY_UNLIKELY","spoof":"VERY_UNLIKELY","medical":"VERY_UNLIKELY","violence":"VERY_UNLIKELY","racy":"VERY_UNLIKELY"}
